SnoopSnitch/app/build/outputs/logs/manifest-merger-safetynet-release-report.txt
-- Merging decision tree log ---
manifest
ADDED from src/main/AndroidManifest.xml:2:1-174:12
INJECTED from src/main/AndroidManifest.xml:2:1-174:12
INJECTED from src/main/AndroidManifest.xml:2:1-174:12
INJECTED from src/main/AndroidManifest.xml:2:1-174:12
MERGED from [:patchanalysis_module] AndroidManifest.xml:2:1-19:12
MERGED from [com.android.support:appcompat-v7:25.2.0] AndroidManifest.xml:17:1-27:12
MERGED from [com.google.android.gms:play-services-safetynet:11.0.0] AndroidManifest.xml:16:1-19:12
MERGED from [com.android.support:animated-vector-drawable:25.2.0] AndroidManifest.xml:17:1-24:12
MERGED from [com.android.support:support-vector-drawable:25.2.0] AndroidManifest.xml:17:1-25:12
MERGED from [com.google.android.gms:play-services-base:11.0.0] AndroidManifest.xml:16:1-21:12
MERGED from [com.google.android.gms:play-services-tasks:11.0.0] AndroidManifest.xml:2:1-5:12
MERGED from [com.google.android.gms:play-services-basement:11.0.0] AndroidManifest.xml:16:1-23:12
MERGED from [com.android.support:support-v4:25.2.0] AndroidManifest.xml:17:1-27:12
MERGED from [com.android.support:support-fragment:25.2.0] AndroidManifest.xml:17:1-27:12
MERGED from [com.android.support:support-media-compat:25.2.0] AndroidManifest.xml:17:1-27:12
MERGED from [com.android.support:support-core-utils:25.2.0] AndroidManifest.xml:17:1-27:12
MERGED from [com.android.support:support-core-ui:25.2.0] AndroidManifest.xml:17:1-27:12
MERGED from [com.android.support:support-compat:25.2.0] AndroidManifest.xml:17:1-27:12
INJECTED from src/main/AndroidManifest.xml:2:1-174:12
INJECTED from src/main/AndroidManifest.xml:2:1-174:12
INJECTED from src/main/AndroidManifest.xml:2:1-174:12
	package
		ADDED from src/main/AndroidManifest.xml:3:5-36
		INJECTED from src/main/AndroidManifest.xml
		INJECTED from src/main/AndroidManifest.xml
	android:versionName
		INJECTED from src/main/AndroidManifest.xml
		ADDED from src/main/AndroidManifest.xml:2:1-174:12
		INJECTED from src/main/AndroidManifest.xml
	android:versionCode
		INJECTED from src/main/AndroidManifest.xml
		ADDED from src/main/AndroidManifest.xml:2:1-174:12
		INJECTED from src/main/AndroidManifest.xml
	xmlns:android
		ADDED from src/main/AndroidManifest.xml:2:11-69
	android:installLocation
		ADDED from src/main/AndroidManifest.xml:4:5-35
uses-sdk
ADDED from src/main/AndroidManifest.xml:6:5-17
INJECTED from src/main/AndroidManifest.xml:6:5-17
INJECTED from src/main/AndroidManifest.xml:6:5-17
MERGED from [:patchanalysis_module] AndroidManifest.xml:7:5-9:41
MERGED from [:patchanalysis_module] AndroidManifest.xml:7:5-9:41
MERGED from [com.android.support:appcompat-v7:25.2.0] AndroidManifest.xml:21:5-23:78
MERGED from [com.android.support:appcompat-v7:25.2.0] AndroidManifest.xml:21:5-23:78
MERGED from [com.google.android.gms:play-services-safetynet:11.0.0] AndroidManifest.xml:17:5-43
MERGED from [com.google.android.gms:play-services-safetynet:11.0.0] AndroidManifest.xml:17:5-43
MERGED from [com.android.support:animated-vector-drawable:25.2.0] AndroidManifest.xml:20:5-44
MERGED from [com.android.support:animated-vector-drawable:25.2.0] AndroidManifest.xml:20:5-44
MERGED from [com.android.support:support-vector-drawable:25.2.0] AndroidManifest.xml:21:5-43
MERGED from [com.android.support:support-vector-drawable:25.2.0] AndroidManifest.xml:21:5-43
MERGED from [com.google.android.gms:play-services-base:11.0.0] AndroidManifest.xml:17:5-43
MERGED from [com.google.android.gms:play-services-base:11.0.0] AndroidManifest.xml:17:5-43
MERGED from [com.google.android.gms:play-services-tasks:11.0.0] AndroidManifest.xml:3:5-43
MERGED from [com.google.android.gms:play-services-tasks:11.0.0] AndroidManifest.xml:3:5-43
MERGED from [com.google.android.gms:play-services-basement:11.0.0] AndroidManifest.xml:17:5-43
MERGED from [com.google.android.gms:play-services-basement:11.0.0] AndroidManifest.xml:17:5-43
MERGED from [com.android.support:support-v4:25.2.0] AndroidManifest.xml:21:5-23:54
MERGED from [com.android.support:support-v4:25.2.0] AndroidManifest.xml:21:5-23:54
MERGED from [com.android.support:support-fragment:25.2.0] AndroidManifest.xml:21:5-23:60
MERGED from [com.android.support:support-fragment:25.2.0] AndroidManifest.xml:21:5-23:60
MERGED from [com.android.support:support-media-compat:25.2.0] AndroidManifest.xml:21:5-23:63
MERGED from [com.android.support:support-media-compat:25.2.0] AndroidManifest.xml:21:5-23:63
MERGED from [com.android.support:support-core-utils:25.2.0] AndroidManifest.xml:21:5-23:61
MERGED from [com.android.support:support-core-utils:25.2.0] AndroidManifest.xml:21:5-23:61
MERGED from [com.android.support:support-core-ui:25.2.0] AndroidManifest.xml:21:5-23:58
MERGED from [com.android.support:support-core-ui:25.2.0] AndroidManifest.xml:21:5-23:58
MERGED from [com.android.support:support-compat:25.2.0] AndroidManifest.xml:21:5-23:58
MERGED from [com.android.support:support-compat:25.2.0] AndroidManifest.xml:21:5-23:58
INJECTED from src/main/AndroidManifest.xml:6:5-17
INJECTED from src/main/AndroidManifest.xml:6:5-17
	tools:overrideLibrary
		ADDED from [com.android.support:appcompat-v7:25.2.0] AndroidManifest.xml:23:9-75
	android:targetSdkVersion
		INJECTED from src/main/AndroidManifest.xml
		ADDED from src/main/AndroidManifest.xml:6:5-17
		INJECTED from src/main/AndroidManifest.xml
	android:minSdkVersion
		INJECTED from src/main/AndroidManifest.xml
		ADDED from src/main/AndroidManifest.xml:6:5-17
		INJECTED from src/main/AndroidManifest.xml
uses-permission#android.permission.ACCESS_FINE_LOCATION
ADDED from src/main/AndroidManifest.xml:10:5-78
	android:name
		ADDED from src/main/AndroidManifest.xml:10:22-76
uses-permission#android.permission.ACCESS_COARSE_LOCATION
ADDED from src/main/AndroidManifest.xml:11:5-80
	android:name
		ADDED from src/main/AndroidManifest.xml:11:22-78
uses-feature#android.hardware.location
ADDED from src/main/AndroidManifest.xml:12:5-87
	android:required
		ADDED from src/main/AndroidManifest.xml:12:60-84
	android:name
		ADDED from src/main/AndroidManifest.xml:12:19-59
uses-feature#android.hardware.location.network
ADDED from src/main/AndroidManifest.xml:13:5-95
	android:required
		ADDED from src/main/AndroidManifest.xml:13:68-92
	android:name
		ADDED from src/main/AndroidManifest.xml:13:19-67
uses-feature#android.hardware.location.gps
ADDED from src/main/AndroidManifest.xml:14:5-91
	android:required
		ADDED from src/main/AndroidManifest.xml:14:64-88
	android:name
		ADDED from src/main/AndroidManifest.xml:14:19-63
uses-permission#android.permission.INTERNET
ADDED from src/main/AndroidManifest.xml:18:5-66
MERGED from [:patchanalysis_module] AndroidManifest.xml:14:5-67
MERGED from [:patchanalysis_module] AndroidManifest.xml:14:5-67
	android:name
		ADDED from src/main/AndroidManifest.xml:18:22-64
uses-permission#android.permission.CALL_PHONE
ADDED from src/main/AndroidManifest.xml:19:5-68
	android:name
		ADDED from src/main/AndroidManifest.xml:19:22-66
uses-permission#android.permission.READ_PHONE_STATE
ADDED from src/main/AndroidManifest.xml:20:5-74
	android:name
		ADDED from src/main/AndroidManifest.xml:20:22-72
uses-permission#android.permission.ACCESS_NETWORK_STATE
ADDED from src/main/AndroidManifest.xml:21:5-78
MERGED from [:patchanalysis_module] AndroidManifest.xml:15:5-79
MERGED from [:patchanalysis_module] AndroidManifest.xml:15:5-79
	android:name
		ADDED from src/main/AndroidManifest.xml:21:22-76
uses-permission#android.permission.ANSWER_PHONE_CALLS
ADDED from src/main/AndroidManifest.xml:22:5-77
	android:name
		ADDED from src/main/AndroidManifest.xml:22:22-74
uses-permission#android.permission.SEND_SMS
ADDED from src/main/AndroidManifest.xml:23:5-66
	android:name
		ADDED from src/main/AndroidManifest.xml:23:22-64
uses-permission#android.permission.RECEIVE_SMS
ADDED from src/main/AndroidManifest.xml:24:5-69
	android:name
		ADDED from src/main/AndroidManifest.xml:24:22-67
uses-feature#android.hardware.telephony
ADDED from src/main/AndroidManifest.xml:25:5-88
	android:required
		ADDED from src/main/AndroidManifest.xml:25:61-85
	android:name
		ADDED from src/main/AndroidManifest.xml:25:19-60
uses-permission#android.permission.WRITE_EXTERNAL_STORAGE
ADDED from src/main/AndroidManifest.xml:28:5-81
MERGED from [:patchanalysis_module] AndroidManifest.xml:12:5-81
MERGED from [:patchanalysis_module] AndroidManifest.xml:12:5-81
	android:name
		ADDED from src/main/AndroidManifest.xml:28:22-78
uses-permission#android.permission.READ_EXTERNAL_STORAGE
ADDED from src/main/AndroidManifest.xml:29:5-80
MERGED from [:patchanalysis_module] AndroidManifest.xml:11:5-80
MERGED from [:patchanalysis_module] AndroidManifest.xml:11:5-80
	android:name
		ADDED from src/main/AndroidManifest.xml:29:22-77
uses-permission#android.permission.ACCESS_SUPERUSER
ADDED from src/main/AndroidManifest.xml:32:5-74
	android:name
		ADDED from src/main/AndroidManifest.xml:32:22-72
uses-permission#android.permission.WAKE_LOCK
ADDED from src/main/AndroidManifest.xml:33:5-67
MERGED from [:patchanalysis_module] AndroidManifest.xml:16:5-68
MERGED from [:patchanalysis_module] AndroidManifest.xml:16:5-68
	android:name
		ADDED from src/main/AndroidManifest.xml:33:22-65
uses-permission#android.permission.RECEIVE_BOOT_COMPLETED
ADDED from src/main/AndroidManifest.xml:34:5-80
MERGED from [:patchanalysis_module] AndroidManifest.xml:17:5-81
MERGED from [:patchanalysis_module] AndroidManifest.xml:17:5-81
	android:name
		ADDED from src/main/AndroidManifest.xml:34:22-78
uses-permission#android.permission.VIBRATE
ADDED from src/main/AndroidManifest.xml:35:5-65
MERGED from [:patchanalysis_module] AndroidManifest.xml:13:5-66
MERGED from [:patchanalysis_module] AndroidManifest.xml:13:5-66
	android:name
		ADDED from src/main/AndroidManifest.xml:35:22-63
application
ADDED from src/main/AndroidManifest.xml:39:5-173:19
MERGED from [com.android.support:appcompat-v7:25.2.0] AndroidManifest.xml:25:5-20
MERGED from [com.android.support:appcompat-v7:25.2.0] AndroidManifest.xml:25:5-20
MERGED from [com.google.android.gms:play-services-safetynet:11.0.0] AndroidManifest.xml:18:5-19
MERGED from [com.google.android.gms:play-services-safetynet:11.0.0] AndroidManifest.xml:18:5-19
MERGED from [com.android.support:animated-vector-drawable:25.2.0] AndroidManifest.xml:22:5-20
MERGED from [com.android.support:animated-vector-drawable:25.2.0] AndroidManifest.xml:22:5-20
MERGED from [com.android.support:support-vector-drawable:25.2.0] AndroidManifest.xml:23:5-20
MERGED from [com.android.support:support-vector-drawable:25.2.0] AndroidManifest.xml:23:5-20
MERGED from [com.google.android.gms:play-services-base:11.0.0] AndroidManifest.xml:18:5-20:19
MERGED from [com.google.android.gms:play-services-base:11.0.0] AndroidManifest.xml:18:5-20:19
MERGED from [com.google.android.gms:play-services-tasks:11.0.0] AndroidManifest.xml:4:5-19
MERGED from [com.google.android.gms:play-services-tasks:11.0.0] AndroidManifest.xml:4:5-19
MERGED from [com.google.android.gms:play-services-basement:11.0.0] AndroidManifest.xml:19:5-21:19
MERGED from [com.google.android.gms:play-services-basement:11.0.0] AndroidManifest.xml:19:5-21:19
MERGED from [com.android.support:support-v4:25.2.0] AndroidManifest.xml:25:5-20
MERGED from [com.android.support:support-v4:25.2.0] AndroidManifest.xml:25:5-20
MERGED from [com.android.support:support-fragment:25.2.0] AndroidManifest.xml:25:5-20
MERGED from [com.android.support:support-fragment:25.2.0] AndroidManifest.xml:25:5-20
MERGED from [com.android.support:support-media-compat:25.2.0] AndroidManifest.xml:25:5-20
MERGED from [com.android.support:support-media-compat:25.2.0] AndroidManifest.xml:25:5-20
MERGED from [com.android.support:support-core-utils:25.2.0] AndroidManifest.xml:25:5-20
MERGED from [com.android.support:support-core-utils:25.2.0] AndroidManifest.xml:25:5-20
MERGED from [com.android.support:support-core-ui:25.2.0] AndroidManifest.xml:25:5-20
MERGED from [com.android.support:support-core-ui:25.2.0] AndroidManifest.xml:25:5-20
MERGED from [com.android.support:support-compat:25.2.0] AndroidManifest.xml:25:5-20
MERGED from [com.android.support:support-compat:25.2.0] AndroidManifest.xml:25:5-20
	android:extractNativeLibs
		ADDED from src/main/AndroidManifest.xml:42:9-41
	android:label
		ADDED from src/main/AndroidManifest.xml:44:9-41
	android:icon
		ADDED from src/main/AndroidManifest.xml:43:9-55
	android:allowBackup
		ADDED from src/main/AndroidManifest.xml:41:9-35
	android:theme
		ADDED from src/main/AndroidManifest.xml:45:9-40
	android:name
		ADDED from src/main/AndroidManifest.xml:40:9-49
receiver#de.srlabs.snoopsnitch.BootCompletedIntentReceiver
ADDED from src/main/AndroidManifest.xml:47:9-51:20
	android:name
		ADDED from src/main/AndroidManifest.xml:47:19-83
intent-filter#action:name:android.intent.action.BOOT_COMPLETED
ADDED from src/main/AndroidManifest.xml:48:13-50:29
action#android.intent.action.BOOT_COMPLETED
ADDED from src/main/AndroidManifest.xml:49:17-79
	android:name
		ADDED from src/main/AndroidManifest.xml:49:25-76
activity#de.srlabs.snoopsnitch.StartupActivity
ADDED from src/main/AndroidManifest.xml:53:9-62:20
	android:screenOrientation
		ADDED from src/main/AndroidManifest.xml:56:13-49
	android:label
		ADDED from src/main/AndroidManifest.xml:55:13-45
	android:launchMode
		ADDED from src/main/AndroidManifest.xml:57:13-48
	android:name
		ADDED from src/main/AndroidManifest.xml:54:13-65
intent-filter#action:name:android.intent.action.MAIN+category:name:android.intent.category.LAUNCHER
ADDED from src/main/AndroidManifest.xml:58:13-61:29
action#android.intent.action.MAIN
ADDED from src/main/AndroidManifest.xml:59:17-69
	android:name
		ADDED from src/main/AndroidManifest.xml:59:25-66
category#android.intent.category.LAUNCHER
ADDED from src/main/AndroidManifest.xml:60:17-77
	android:name
		ADDED from src/main/AndroidManifest.xml:60:27-74
activity#de.srlabs.snoopsnitch.DashboardActivity
ADDED from src/main/AndroidManifest.xml:64:9-69:20
	android:screenOrientation
		ADDED from src/main/AndroidManifest.xml:67:13-49
	android:label
		ADDED from src/main/AndroidManifest.xml:66:13-45
	android:launchMode
		ADDED from src/main/AndroidManifest.xml:68:13-43
	android:name
		ADDED from src/main/AndroidManifest.xml:65:13-67
activity#de.srlabs.snoopsnitch.DetailChartActivity
ADDED from src/main/AndroidManifest.xml:72:9-76:20
	android:screenOrientation
		ADDED from src/main/AndroidManifest.xml:74:14-50
	android:parentActivityName
		ADDED from src/main/AndroidManifest.xml:75:14-82
	android:name
		ADDED from src/main/AndroidManifest.xml:73:14-70
activity#de.srlabs.snoopsnitch.MapActivity
ADDED from src/main/AndroidManifest.xml:79:9-83:20
	android:screenOrientation
		ADDED from src/main/AndroidManifest.xml:81:14-50
	android:parentActivityName
		ADDED from src/main/AndroidManifest.xml:82:14-82
	android:name
		ADDED from src/main/AndroidManifest.xml:80:14-62
activity#de.srlabs.snoopsnitch.LocalMapActivity
ADDED from src/main/AndroidManifest.xml:86:9-90:20
	android:screenOrientation
		ADDED from src/main/AndroidManifest.xml:88:14-50
	android:parentActivityName
		ADDED from src/main/AndroidManifest.xml:89:14-82
	android:name
		ADDED from src/main/AndroidManifest.xml:87:14-67
activity#de.srlabs.snoopsnitch.SettingsActivity
ADDED from src/main/AndroidManifest.xml:93:9-97:20
	android:screenOrientation
		ADDED from src/main/AndroidManifest.xml:96:13-49
	android:label
		ADDED from src/main/AndroidManifest.xml:95:13-45
	android:name
		ADDED from src/main/AndroidManifest.xml:94:13-66
activity#de.srlabs.snoopsnitch.AboutActivity
ADDED from src/main/AndroidManifest.xml:100:9-105:20
	android:screenOrientation
		ADDED from src/main/AndroidManifest.xml:103:13-49
	android:parentActivityName
		ADDED from src/main/AndroidManifest.xml:104:13-81
	android:label
		ADDED from src/main/AndroidManifest.xml:102:13-45
	android:name
		ADDED from src/main/AndroidManifest.xml:101:13-63
activity#de.srlabs.snoopsnitch.NetworkInfoActivity
ADDED from src/main/AndroidManifest.xml:108:9-113:20
	android:screenOrientation
		ADDED from src/main/AndroidManifest.xml:111:13-49
	android:parentActivityName
		ADDED from src/main/AndroidManifest.xml:112:13-81
	android:label
		ADDED from src/main/AndroidManifest.xml:110:13-45
	android:name
		ADDED from src/main/AndroidManifest.xml:109:13-69
activity#de.srlabs.snoopsnitch.UploadDebugActivity
ADDED from src/main/AndroidManifest.xml:116:9-121:20
	android:screenOrientation
		ADDED from src/main/AndroidManifest.xml:119:13-49
	android:parentActivityName
		ADDED from src/main/AndroidManifest.xml:120:13-81
	android:label
		ADDED from src/main/AndroidManifest.xml:118:13-45
	android:name
		ADDED from src/main/AndroidManifest.xml:117:13-69
activity#de.srlabs.snoopsnitch.CrashUploadActivity
ADDED from src/main/AndroidManifest.xml:124:9-131:20
	android:screenOrientation
		ADDED from src/main/AndroidManifest.xml:127:13-49
	android:label
		ADDED from src/main/AndroidManifest.xml:126:13-45
	android:excludeFromRecents
		ADDED from src/main/AndroidManifest.xml:130:7-40
	android:launchMode
		ADDED from src/main/AndroidManifest.xml:128:13-44
	android:taskAffinity
		ADDED from src/main/AndroidManifest.xml:129:7-30
	android:name
		ADDED from src/main/AndroidManifest.xml:125:13-69
activity#de.srlabs.snoopsnitch.ActiveTestAdvanced
ADDED from src/main/AndroidManifest.xml:134:9-139:20
	android:screenOrientation
		ADDED from src/main/AndroidManifest.xml:137:13-49
	android:parentActivityName
		ADDED from src/main/AndroidManifest.xml:138:13-81
	android:label
		ADDED from src/main/AndroidManifest.xml:136:13-45
	android:name
		ADDED from src/main/AndroidManifest.xml:135:13-68
activity#de.srlabs.snoopsnitch.EnableAutoUploadModeActivity
ADDED from src/main/AndroidManifest.xml:142:9-147:20
	android:screenOrientation
		ADDED from src/main/AndroidManifest.xml:145:13-49
	android:parentActivityName
		ADDED from src/main/AndroidManifest.xml:146:13-81
	android:label
		ADDED from src/main/AndroidManifest.xml:144:13-45
	android:name
		ADDED from src/main/AndroidManifest.xml:143:13-78
activity#de.srlabs.patchanalysis_module.PatchanalysisMainActivity
ADDED from src/main/AndroidManifest.xml:149:9-156:20
	android:screenOrientation
		ADDED from src/main/AndroidManifest.xml:153:13-49
	android:parentActivityName
		ADDED from src/main/AndroidManifest.xml:155:13-81
	android:label
		ADDED from src/main/AndroidManifest.xml:151:13-56
	android:launchMode
		ADDED from src/main/AndroidManifest.xml:154:13-48
	android:icon
		ADDED from src/main/AndroidManifest.xml:152:13-54
	android:name
		ADDED from src/main/AndroidManifest.xml:150:13-84
service#de.srlabs.patchanalysis_module.analysis.PatchanalysisService
ADDED from src/main/AndroidManifest.xml:158:9-161:55
	android:process
		ADDED from src/main/AndroidManifest.xml:161:13-52
	android:exported
		ADDED from src/main/AndroidManifest.xml:160:13-37
	android:name
		ADDED from src/main/AndroidManifest.xml:159:13-88
service#de.srlabs.snoopsnitch.qdmon.MsdService
ADDED from src/main/AndroidManifest.xml:164:9-137
	android:process
		ADDED from src/main/AndroidManifest.xml:164:97-134
	android:exported
		ADDED from src/main/AndroidManifest.xml:164:72-96
	android:name
		ADDED from src/main/AndroidManifest.xml:164:18-71
service#de.srlabs.snoopsnitch.active_test.ActiveTestService
ADDED from src/main/AndroidManifest.xml:165:6-109
	android:exported
		ADDED from src/main/AndroidManifest.xml:165:82-106
	android:name
		ADDED from src/main/AndroidManifest.xml:165:15-81
receiver#de.srlabs.patchanalysis_module.BootCompletedBroadcastReceiver
ADDED from src/main/AndroidManifest.xml:167:9-171:20
	android:name
		ADDED from src/main/AndroidManifest.xml:167:19-95
activity#com.google.android.gms.common.api.GoogleApiActivity
ADDED from [com.google.android.gms:play-services-base:11.0.0] AndroidManifest.xml:19:9-172
	android:exported
		ADDED from [com.google.android.gms:play-services-base:11.0.0] AndroidManifest.xml:19:146-170
	android:theme
		ADDED from [com.google.android.gms:play-services-base:11.0.0] AndroidManifest.xml:19:86-145
	android:name
		ADDED from [com.google.android.gms:play-services-base:11.0.0] AndroidManifest.xml:19:19-85
meta-data#com.google.android.gms.version
ADDED from [com.google.android.gms:play-services-basement:11.0.0] AndroidManifest.xml:20:9-121
	android:value
		ADDED from [com.google.android.gms:play-services-basement:11.0.0] AndroidManifest.xml:20:66-119
	android:name
		ADDED from [com.google.android.gms:play-services-basement:11.0.0] AndroidManifest.xml:20:20-65